<?xml version="1.0" encoding="UTF-8"?><testsuite errors="1" failures="0" name="Academy Choucair" skipped="0" tests="1" time="18.52" timestamp="2021-07-27 01:20:20"><testcase name="Search for a automation course"><error message="element click intercepted: Element &lt;strong id=&quot;yui_3_17_2_1_1627410033388_20&quot;&gt;...&lt;/strong&gt; is not clickable at point (1150, 24). Other element would receive the click: &lt;div class=&quot;modal fade show&quot; id=&quot;Ingresar&quot; tabindex=&quot;-1&quot; role=&quot;dialog&quot; aria-labelledby=&quot;Ingresar&quot; aria-modal=&quot;true&quot; style=&quot;padding-right: 17px; display: block;&quot;&gt;...&lt;/div&gt;&#10;  (Session info: chrome=92.0.4515.107)&#10;Build info: version: '3.141.59', revision: 'e82be7d358', time: '2018-11-14T08:17:03'&#10;System info: host: 'D8YJFP2', ip: '132.20.35.156', os.name: 'Windows 10', os.arch: 'amd64', os.version: '10.0', java.version: '1.8.0_201-2-redhat'&#10;Driver info: org.openqa.selenium.chrome.ChromeDriver&#10;Capabilities {acceptInsecureCerts: false, browserName: chrome, browserVersion: 92.0.4515.107, chrome: {chromedriverVersion: 92.0.4515.43 (8c61b7e2989f2..., userDataDir: C:\Users\LSARMI~1\AppData\L...}, goog:chromeOptions: {debuggerAddress: localhost:50770}, javascriptEnabled: true, networkConnectionEnabled: false, pageLoadStrategy: normal, platform: WINDOWS, platformName: WINDOWS, proxy: Proxy(), setWindowRect: true, strictFileInteractability: false, timeouts: {implicit: 0, pageLoad: 300000, script: 30000}, unhandledPromptBehavior: dismiss and notify, webauthn:extension:credBlob: true, webauthn:extension:largeBlob: true, webauthn:virtualAuthenticators: true}&#10;Session ID: 0aca31bc9781f85cc7e82e501562ac2c" type="org.openqa.selenium.ElementClickInterceptedException">element click intercepted: Element &lt;strong id="yui_3_17_2_1_1627410033388_20"&gt;...&lt;/strong&gt; is not clickable at point (1150, 24). Other element would receive the click: &lt;div class="modal fade show" id="Ingresar" tabindex="-1" role="dialog" aria-labelledby="Ingresar" aria-modal="true" style="padding-right: 17px; display: block;"&gt;...&lt;/div&gt;
  (Session info: chrome=92.0.4515.107)
Build info: version: '3.141.59', revision: 'e82be7d358', time: '2018-11-14T08:17:03'
System info: host: 'D8YJFP2', ip: '132.20.35.156', os.name: 'Windows 10', os.arch: 'amd64', os.version: '10.0', java.version: '1.8.0_201-2-redhat'
Driver info: org.openqa.selenium.chrome.ChromeDriver
Capabilities {acceptInsecureCerts: false, browserName: chrome, browserVersion: 92.0.4515.107, chrome: {chromedriverVersion: 92.0.4515.43 (8c61b7e2989f2..., userDataDir: C:\Users\LSARMI~1\AppData\L...}, goog:chromeOptions: {debuggerAddress: localhost:50770}, javascriptEnabled: true, networkConnectionEnabled: false, pageLoadStrategy: normal, platform: WINDOWS, platformName: WINDOWS, proxy: Proxy(), setWindowRect: true, strictFileInteractability: false, timeouts: {implicit: 0, pageLoad: 300000, script: 30000}, unhandledPromptBehavior: dismiss and notify, webauthn:extension:credBlob: true, webauthn:extension:largeBlob: true, webauthn:virtualAuthenticators: true}
Session ID: 0aca31bc9781f85cc7e82e501562ac2c</error><system-err>element click intercepted: Element &lt;strong id="yui_3_17_2_1_1627410033388_20"&gt;...&lt;/strong&gt; is not clickable at point (1150, 24). Other element would receive the click: &lt;div class="modal fade show" id="Ingresar" tabindex="-1" role="dialog" aria-labelledby="Ingresar" aria-modal="true" style="padding-right: 17px; display: block;"&gt;...&lt;/div&gt;
  (Session info: chrome=92.0.4515.107)
Build info: version: '3.141.59', revision: 'e82be7d358', time: '2018-11-14T08:17:03'
System info: host: 'D8YJFP2', ip: '132.20.35.156', os.name: 'Windows 10', os.arch: 'amd64', os.version: '10.0', java.version: '1.8.0_201-2-redhat'
Driver info: org.openqa.selenium.chrome.ChromeDriver
Capabilities {acceptInsecureCerts: false, browserName: chrome, browserVersion: 92.0.4515.107, chrome: {chromedriverVersion: 92.0.4515.43 (8c61b7e2989f2..., userDataDir: C:\Users\LSARMI~1\AppData\L...}, goog:chromeOptions: {debuggerAddress: localhost:50770}, javascriptEnabled: true, networkConnectionEnabled: false, pageLoadStrategy: normal, platform: WINDOWS, platformName: WINDOWS, proxy: Proxy(), setWindowRect: true, strictFileInteractability: false, timeouts: {implicit: 0, pageLoad: 300000, script: 30000}, unhandledPromptBehavior: dismiss and notify, webauthn:extension:credBlob: true, webauthn:extension:largeBlob: true, webauthn:virtualAuthenticators: true}
Session ID: 0aca31bc9781f85cc7e82e501562ac2c&#13;
co.com.choucair.certification.proyectobase.tasks.Login.performAs(Login.java:25)&#13;
co.com.choucair.certification.proyectobase.stepdefinitions.ChoucairAcademyStepDefinitions.thanRoseWantToLearnAutomationAtTheAcademyChoucair(ChoucairAcademyStepDefinitions.java:40)&#13;
cucumber.runner.Runner.runPickle(Runner.java:80)&#13;
</system-err></testcase></testsuite>